<?xml version="1.0" encoding="UTF-8"?>
<testng-results skipped="0" failed="0" ignored="0" total="2" passed="2">
  <reporter-output>
  </reporter-output>
  <suite name="Suite" duration-ms="50955" started-at="2019-07-08T09:45:24Z" finished-at="2019-07-08T09:46:15Z">
    <groups>
    </groups>
    <test name="Test" duration-ms="50955" started-at="2019-07-08T09:45:24Z" finished-at="2019-07-08T09:46:15Z">
      <class name="utailer.Com.Test.DeshBoardTest">
        <test-method status="PASS" signature="setUp()[pri:0, instance:utailer.Com.Test.DeshBoardTest@1554909b]" name="setUp" is-config="true" duration-ms="27974" started-at="2019-07-08T15:15:24Z" finished-at="2019-07-08T15:15:52Z">
          <reporter-output>
          </reporter-output>
        </test-method> <!-- setUp -->
        <test-method status="PASS" signature="verifyDasboardTitle()[pri:0, instance:utailer.Com.Test.DeshBoardTest@1554909b]" name="verifyDasboardTitle" duration-ms="0" started-at="2019-07-08T15:15:52Z" finished-at="2019-07-08T15:15:52Z">
          <reporter-output>
          </reporter-output>
        </test-method> <!-- verifyDasboardTitle -->
        <test-method status="PASS" signature="closeDriver()[pri:0, instance:utailer.Com.Test.DeshBoardTest@1554909b]" name="closeDriver" is-config="true" duration-ms="2120" started-at="2019-07-08T15:15:52Z" finished-at="2019-07-08T15:15:54Z">
          <reporter-output>
          </reporter-output>
        </test-method> <!-- closeDriver -->
        <test-method status="PASS" signature="setUp()[pri:0, instance:utailer.Com.Test.DeshBoardTest@1554909b]" name="setUp" is-config="true" duration-ms="10804" started-at="2019-07-08T15:15:54Z" finished-at="2019-07-08T15:16:05Z">
          <reporter-output>
          </reporter-output>
        </test-method> <!-- setUp -->
        <test-method status="PASS" signature="verifyMenLink()[pri:2, instance:utailer.Com.Test.DeshBoardTest@1554909b]" name="verifyMenLink" duration-ms="7861" started-at="2019-07-08T15:16:05Z" finished-at="2019-07-08T15:16:13Z">
          <reporter-output>
          </reporter-output>
        </test-method> <!-- verifyMenLink -->
        <test-method status="PASS" signature="closeDriver()[pri:0, instance:utailer.Com.Test.DeshBoardTest@1554909b]" name="closeDriver" is-config="true" duration-ms="2179" started-at="2019-07-08T15:16:13Z" finished-at="2019-07-08T15:16:15Z">
          <reporter-output>
          </reporter-output>
        </test-method> <!-- closeDriver -->
      </class> <!-- utailer.Com.Test.DeshBoardTest -->
    </test> <!-- Test -->
  </suite> <!-- Suite -->
</testng-results>
